  3dMain.cpp
D:\项目\2dgame\2dgame\DuHa3D.h(128,38): warning C4244: “=”: 从“double”转换到“int”，可能丢失数据
D:\项目\2dgame\2dgame\DuHa3D.h(185,47): warning C4244: “参数”: 从“double”转换到“int”，可能丢失数据
D:\项目\2dgame\2dgame\DuHa3D.h(185,29): warning C4244: “参数”: 从“double”转换到“int”，可能丢失数据
D:\项目\2dgame\2dgame\DuHa3D.h(188,119): warning C4244: “参数”: 从“double”转换到“int”，可能丢失数据
D:\项目\2dgame\2dgame\DuHa3D.h(188,81): warning C4244: “参数”: 从“double”转换到“int”，可能丢失数据
D:\项目\2dgame\2dgame\DuHa3D.h(188,43): warning C4244: “参数”: 从“double”转换到“int”，可能丢失数据
D:\项目\2dgame\2dgame\DuHa3D.h(188,25): warning C4244: “参数”: 从“double”转换到“int”，可能丢失数据
D:\项目\2dgame\2dgame\DuHa3D.h(249,18): warning C4244: “初始化”: 从“double”转换到“float”，可能丢失数据
D:\项目\2dgame\2dgame\DuHa3D.h(249,112): warning C4305: “+=”: 从“double”到“float”截断
D:\项目\2dgame\2dgame\DuHa3D.h(251,20): warning C4244: “初始化”: 从“double”转换到“float”，可能丢失数据
D:\项目\2dgame\2dgame\DuHa3D.h(251,114): warning C4305: “+=”: 从“double”到“float”截断
D:\项目\2dgame\2dgame\DuHa3D.h(257,20): warning C4244: “初始化”: 从“double”转换到“float”，可能丢失数据
D:\项目\2dgame\2dgame\DuHa3D.h(257,116): warning C4305: “-=”: 从“double”到“float”截断
D:\项目\2dgame\2dgame\DuHa3D.h(266,18): warning C4244: “初始化”: 从“double”转换到“float”，可能丢失数据
D:\项目\2dgame\2dgame\DuHa3D.h(266,112): warning C4305: “-=”: 从“double”到“float”截断
D:\项目\2dgame\2dgame\DuHa3D.h(268,20): warning C4244: “初始化”: 从“double”转换到“float”，可能丢失数据
D:\项目\2dgame\2dgame\DuHa3D.h(268,116): warning C4305: “+=”: 从“double”到“float”截断
D:\项目\2dgame\2dgame\DuHa3D.h(275,20): warning C4244: “初始化”: 从“double”转换到“float”，可能丢失数据
D:\项目\2dgame\2dgame\DuHa3D.h(275,116): warning C4305: “-=”: 从“double”到“float”截断
D:\项目\2dgame\2dgame\DuHa3D.h(285,18): warning C4244: “初始化”: 从“double”转换到“float”，可能丢失数据
D:\项目\2dgame\2dgame\DuHa3D.h(285,114): warning C4305: “+=”: 从“double”到“float”截断
D:\项目\2dgame\2dgame\DuHa3D.h(287,20): warning C4244: “初始化”: 从“double”转换到“float”，可能丢失数据
D:\项目\2dgame\2dgame\DuHa3D.h(287,116): warning C4305: “+=”: 从“double”到“float”截断
D:\项目\2dgame\2dgame\DuHa3D.h(294,20): warning C4244: “初始化”: 从“double”转换到“float”，可能丢失数据
D:\项目\2dgame\2dgame\DuHa3D.h(294,116): warning C4305: “-=”: 从“double”到“float”截断
D:\项目\2dgame\2dgame\DuHa3D.h(303,18): warning C4244: “初始化”: 从“double”转换到“float”，可能丢失数据
D:\项目\2dgame\2dgame\DuHa3D.h(303,114): warning C4305: “-=”: 从“double”到“float”截断
D:\项目\2dgame\2dgame\DuHa3D.h(305,20): warning C4244: “初始化”: 从“double”转换到“float”，可能丢失数据
D:\项目\2dgame\2dgame\DuHa3D.h(305,116): warning C4305: “+=”: 从“double”到“float”截断
D:\项目\2dgame\2dgame\DuHa3D.h(312,20): warning C4244: “初始化”: 从“double”转换到“float”，可能丢失数据
D:\项目\2dgame\2dgame\DuHa3D.h(312,116): warning C4305: “-=”: 从“double”到“float”截断
D:\项目\2dgame\2dgame\3dMain.cpp(41,32): warning C4244: “参数”: 从“double”转换到“int”，可能丢失数据
  2dgame.vcxproj -> D:\项目\2dgame\x64\Debug\2dgame.exe
